This file contains any messages produced by compilers while
running configure, to aid debugging if configure makes a mistake.

It was created by script-js configure 2.2.0, which was
generated by GNU Autoconf 2.69.  Invocation command line was

  $ ./configure PKG_CONFIG_PATH=/home/vagrant/gimp-git/lib/pkgconfig:/home/vagrant/gimp-git/lib/pkgconfig/ --no-create --no-recursion

## --------- ##
## Platform. ##
## --------- ##

hostname = gimpdev
uname -m = x86_64
uname -r = 3.16.0-4-amd64
uname -s = Linux
uname -v = #1 SMP Debian 3.16.7-ckt11-1+deb8u6 (2015-11-09)

/usr/bin/uname -p = unknown
/bin/uname -X     = unknown

/bin/arch              = unknown
/usr/bin/arch -k       = unknown
/usr/convex/getsysinfo = unknown
/usr/bin/hostinfo      = unknown
/bin/machine           = unknown
/usr/bin/oslevel       = unknown
/bin/universe          = unknown

PATH: /home/vagrant/gimp-git/bin
PATH: /usr/local/bin
PATH: /usr/bin
PATH: /bin
PATH: /usr/local/games
PATH: /usr/games


## ----------- ##
## Core tests. ##
## ----------- ##

configure:2281: checking for a BSD-compatible install
configure:2349: result: /usr/bin/install -c
configure:2360: checking whether build environment is sane
configure:2415: result: yes
configure:2566: checking for a thread-safe mkdir -p
configure:2605: result: /bin/mkdir -p
configure:2612: checking for gawk
configure:2628: found /usr/bin/gawk
configure:2639: result: gawk
configure:2650: checking whether make sets $(MAKE)
configure:2672: result: yes
configure:2701: checking whether make supports nested variables
configure:2718: result: yes
configure:2848: checking for style of include used by make
configure:2876: result: GNU
configure:2947: checking for gcc
configure:2963: found /usr/bin/gcc
configure:2974: result: gcc
configure:3203: checking for C compiler version
configure:3212: gcc --version >&5
gcc (Debian 4.9.2-10) 4.9.2
Copyright (C) 2014 Free Software Foundation, Inc.
This is free software; see the source for copying conditions.  There is NO
warranty; not even for MERCHANTABILITY or FITNESS FOR A PARTICULAR PURPOSE.

configure:3223: $? = 0
configure:3212: gcc -v >&5
Using built-in specs.
COLLECT_GCC=gcc
COLLECT_LTO_WRAPPER=/usr/lib/gcc/x86_64-linux-gnu/4.9/lto-wrapper
Target: x86_64-linux-gnu
Configured with: ../src/configure -v --with-pkgversion='Debian 4.9.2-10' --with-bugurl=file:///usr/share/doc/gcc-4.9/README.Bugs --enable-languages=c,c++,java,go,d,fortran,objc,obj-c++ --prefix=/usr --program-suffix=-4.9 --enable-shared --enable-linker-build-id --libexecdir=/usr/lib --without-included-gettext --enable-threads=posix --with-gxx-include-dir=/usr/include/c++/4.9 --libdir=/usr/lib --enable-nls --with-sysroot=/ --enable-clocale=gnu --enable-libstdcxx-debug --enable-libstdcxx-time=yes --enable-gnu-unique-object --disable-vtable-verify --enable-plugin --with-system-zlib --disable-browser-plugin --enable-java-awt=gtk --enable-gtk-cairo --with-java-home=/usr/lib/jvm/java-1.5.0-gcj-4.9-amd64/jre --enable-java-home --with-jvm-root-dir=/usr/lib/jvm/java-1.5.0-gcj-4.9-amd64 --with-jvm-jar-dir=/usr/lib/jvm-exports/java-1.5.0-gcj-4.9-amd64 --with-arch-directory=amd64 --with-ecj-jar=/usr/share/java/eclipse-ecj.jar --enable-objc-gc --enable-multiarch --with-arch-32=i586 --with-abi=m64 --with-multilib-list=m32,m64,mx32 --enable-multilib --with-tune=generic --enable-checking=release --build=x86_64-linux-gnu --host=x86_64-linux-gnu --target=x86_64-linux-gnu
Thread model: posix
gcc version 4.9.2 (Debian 4.9.2-10) 
configure:3223: $? = 0
configure:3212: gcc -V >&5
gcc: error: unrecognized command line option '-V'
gcc: fatal error: no input files
compilation terminated.
configure:3223: $? = 4
configure:3212: gcc -qversion >&5
gcc: error: unrecognized command line option '-qversion'
gcc: fatal error: no input files
compilation terminated.
configure:3223: $? = 4
configure:3243: checking whether the C compiler works
configure:3265: gcc    conftest.c  >&5
configure:3269: $? = 0
configure:3317: result: yes
configure:3320: checking for C compiler default output file name
configure:3322: result: a.out
configure:3328: checking for suffix of executables
configure:3335: gcc -o conftest    conftest.c  >&5
configure:3339: $? = 0
configure:3361: result: 
configure:3383: checking whether we are cross compiling
configure:3391: gcc -o conftest    conftest.c  >&5
configure:3395: $? = 0
configure:3402: ./conftest
configure:3406: $? = 0
configure:3421: result: no
configure:3426: checking for suffix of object files
configure:3448: gcc -c   conftest.c >&5
configure:3452: $? = 0
configure:3473: result: o
configure:3477: checking whether we are using the GNU C compiler
configure:3496: gcc -c   conftest.c >&5
configure:3496: $? = 0
configure:3505: result: yes
configure:3514: checking whether gcc accepts -g
configure:3534: gcc -c -g  conftest.c >&5
configure:3534: $? = 0
configure:3575: result: yes
configure:3592: checking for gcc option to accept ISO C89
configure:3655: gcc  -c -g -O2  conftest.c >&5
configure:3655: $? = 0
configure:3668: result: none needed
configure:3693: checking whether gcc understands -c and -o together
configure:3715: gcc -c conftest.c -o conftest2.o
configure:3718: $? = 0
configure:3715: gcc -c conftest.c -o conftest2.o
configure:3718: $? = 0
configure:3730: result: yes
configure:3749: checking dependency style of gcc
configure:3860: result: gcc3
configure:3876: checking for library containing strerror
configure:3907: gcc -o conftest -g -O2   conftest.c  >&5
configure:3907: $? = 0
configure:3924: result: none required
configure:3980: checking for gcc
configure:4007: result: gcc
configure:4236: checking for C compiler version
configure:4245: gcc --version >&5
gcc (Debian 4.9.2-10) 4.9.2
Copyright (C) 2014 Free Software Foundation, Inc.
This is free software; see the source for copying conditions.  There is NO
warranty; not even for MERCHANTABILITY or FITNESS FOR A PARTICULAR PURPOSE.

configure:4256: $? = 0
configure:4245: gcc -v >&5
Using built-in specs.
COLLECT_GCC=gcc
COLLECT_LTO_WRAPPER=/usr/lib/gcc/x86_64-linux-gnu/4.9/lto-wrapper
Target: x86_64-linux-gnu
Configured with: ../src/configure -v --with-pkgversion='Debian 4.9.2-10' --with-bugurl=file:///usr/share/doc/gcc-4.9/README.Bugs --enable-languages=c,c++,java,go,d,fortran,objc,obj-c++ --prefix=/usr --program-suffix=-4.9 --enable-shared --enable-linker-build-id --libexecdir=/usr/lib --without-included-gettext --enable-threads=posix --with-gxx-include-dir=/usr/include/c++/4.9 --libdir=/usr/lib --enable-nls --with-sysroot=/ --enable-clocale=gnu --enable-libstdcxx-debug --enable-libstdcxx-time=yes --enable-gnu-unique-object --disable-vtable-verify --enable-plugin --with-system-zlib --disable-browser-plugin --enable-java-awt=gtk --enable-gtk-cairo --with-java-home=/usr/lib/jvm/java-1.5.0-gcj-4.9-amd64/jre --enable-java-home --with-jvm-root-dir=/usr/lib/jvm/java-1.5.0-gcj-4.9-amd64 --with-jvm-jar-dir=/usr/lib/jvm-exports/java-1.5.0-gcj-4.9-amd64 --with-arch-directory=amd64 --with-ecj-jar=/usr/share/java/eclipse-ecj.jar --enable-objc-gc --enable-multiarch --with-arch-32=i586 --with-abi=m64 --with-multilib-list=m32,m64,mx32 --enable-multilib --with-tune=generic --enable-checking=release --build=x86_64-linux-gnu --host=x86_64-linux-gnu --target=x86_64-linux-gnu
Thread model: posix
gcc version 4.9.2 (Debian 4.9.2-10) 
configure:4256: $? = 0
configure:4245: gcc -V >&5
gcc: error: unrecognized command line option '-V'
gcc: fatal error: no input files
compilation terminated.
configure:4256: $? = 4
configure:4245: gcc -qversion >&5
gcc: error: unrecognized command line option '-qversion'
gcc: fatal error: no input files
compilation terminated.
configure:4256: $? = 4
configure:4260: checking whether we are using the GNU C compiler
configure:4288: result: yes
configure:4297: checking whether gcc accepts -g
configure:4358: result: yes
configure:4375: checking for gcc option to accept ISO C89
configure:4451: result: none needed
configure:4476: checking whether gcc understands -c and -o together
configure:4513: result: yes
configure:4532: checking dependency style of gcc
configure:4643: result: gcc3
configure:4706: checking for gcc
configure:4733: result: gcc
configure:4962: checking for C compiler version
configure:4971: gcc --version >&5
gcc (Debian 4.9.2-10) 4.9.2
Copyright (C) 2014 Free Software Foundation, Inc.
This is free software; see the source for copying conditions.  There is NO
warranty; not even for MERCHANTABILITY or FITNESS FOR A PARTICULAR PURPOSE.

configure:4982: $? = 0
configure:4971: gcc -v >&5
Using built-in specs.
COLLECT_GCC=gcc
COLLECT_LTO_WRAPPER=/usr/lib/gcc/x86_64-linux-gnu/4.9/lto-wrapper
Target: x86_64-linux-gnu
Configured with: ../src/configure -v --with-pkgversion='Debian 4.9.2-10' --with-bugurl=file:///usr/share/doc/gcc-4.9/README.Bugs --enable-languages=c,c++,java,go,d,fortran,objc,obj-c++ --prefix=/usr --program-suffix=-4.9 --enable-shared --enable-linker-build-id --libexecdir=/usr/lib --without-included-gettext --enable-threads=posix --with-gxx-include-dir=/usr/include/c++/4.9 --libdir=/usr/lib --enable-nls --with-sysroot=/ --enable-clocale=gnu --enable-libstdcxx-debug --enable-libstdcxx-time=yes --enable-gnu-unique-object --disable-vtable-verify --enable-plugin --with-system-zlib --disable-browser-plugin --enable-java-awt=gtk --enable-gtk-cairo --with-java-home=/usr/lib/jvm/java-1.5.0-gcj-4.9-amd64/jre --enable-java-home --with-jvm-root-dir=/usr/lib/jvm/java-1.5.0-gcj-4.9-amd64 --with-jvm-jar-dir=/usr/lib/jvm-exports/java-1.5.0-gcj-4.9-amd64 --with-arch-directory=amd64 --with-ecj-jar=/usr/share/java/eclipse-ecj.jar --enable-objc-gc --enable-multiarch --with-arch-32=i586 --with-abi=m64 --with-multilib-list=m32,m64,mx32 --enable-multilib --with-tune=generic --enable-checking=release --build=x86_64-linux-gnu --host=x86_64-linux-gnu --target=x86_64-linux-gnu
Thread model: posix
gcc version 4.9.2 (Debian 4.9.2-10) 
configure:4982: $? = 0
configure:4971: gcc -V >&5
gcc: error: unrecognized command line option '-V'
gcc: fatal error: no input files
compilation terminated.
configure:4982: $? = 4
configure:4971: gcc -qversion >&5
gcc: error: unrecognized command line option '-qversion'
gcc: fatal error: no input files
compilation terminated.
configure:4982: $? = 4
configure:4986: checking whether we are using the GNU C compiler
configure:5014: result: yes
configure:5023: checking whether gcc accepts -g
configure:5084: result: yes
configure:5101: checking for gcc option to accept ISO C89
configure:5177: result: none needed
configure:5202: checking whether gcc understands -c and -o together
configure:5239: result: yes
configure:5258: checking dependency style of gcc
configure:5369: result: gcc3
configure:5391: checking how to run the C preprocessor
configure:5422: gcc -E  conftest.c
configure:5422: $? = 0
configure:5436: gcc -E  conftest.c
conftest.c:14:28: fatal error: ac_nonexistent.h: No such file or directory
 #include <ac_nonexistent.h>
                            ^
compilation terminated.
configure:5436: $? = 1
configure: failed program was:
| /* confdefs.h */
| #define PACKAGE_NAME "script-js"
| #define PACKAGE_TARNAME "script-js"
| #define PACKAGE_VERSION "2.2.0"
| #define PACKAGE_STRING "script-js 2.2.0"
| #define PACKAGE_BUGREPORT ""
| #define PACKAGE_URL ""
| #define PLUGIN_NAME PACKAGE_NAME
| #define PLUGIN_VERSION PACKAGE_VERSION
| #define PLUGIN_MAJOR_VERSION 2
| #define PLUGIN_MINOR_VERSION 2
| #define PLUGIN_MICRO_VERSION 0
| /* end confdefs.h.  */
| #include <ac_nonexistent.h>
configure:5461: result: gcc -E
configure:5481: gcc -E  conftest.c
configure:5481: $? = 0
configure:5495: gcc -E  conftest.c
conftest.c:14:28: fatal error: ac_nonexistent.h: No such file or directory
 #include <ac_nonexistent.h>
                            ^
compilation terminated.
configure:5495: $? = 1
configure: failed program was:
| /* confdefs.h */
| #define PACKAGE_NAME "script-js"
| #define PACKAGE_TARNAME "script-js"
| #define PACKAGE_VERSION "2.2.0"
| #define PACKAGE_STRING "script-js 2.2.0"
| #define PACKAGE_BUGREPORT ""
| #define PACKAGE_URL ""
| #define PLUGIN_NAME PACKAGE_NAME
| #define PLUGIN_VERSION PACKAGE_VERSION
| #define PLUGIN_MAJOR_VERSION 2
| #define PLUGIN_MINOR_VERSION 2
| #define PLUGIN_MICRO_VERSION 0
| /* end confdefs.h.  */
| #include <ac_nonexistent.h>
configure:5524: checking for grep that handles long lines and -e
configure:5582: result: /bin/grep
configure:5587: checking for egrep
configure:5649: result: /bin/grep -E
configure:5654: checking for ANSI C header files
configure:5674: gcc -c -g -O2  conftest.c >&5
configure:5674: $? = 0
configure:5747: gcc -o conftest -g -O2   conftest.c  >&5
configure:5747: $? = 0
configure:5747: ./conftest
configure:5747: $? = 0
configure:5758: result: yes
configure:5771: checking whether to enable maintainer-specific portions of Makefiles
configure:5780: result: no
configure:5859: checking for pkg-config
configure:5877: found /usr/bin/pkg-config
configure:5889: result: /usr/bin/pkg-config
configure:5914: checking pkg-config is at least version 0.9.0
configure:5917: result: yes
configure:5927: checking for GIMP
configure:5934: $PKG_CONFIG --exists --print-errors "gimp-2.0 >= $GIMP_REQUIRED_VERSION gimpui-2.0 >= $GIMP_REQUIRED_VERSION"
configure:5937: $? = 0
configure:5951: $PKG_CONFIG --exists --print-errors "gimp-2.0 >= $GIMP_REQUIRED_VERSION gimpui-2.0 >= $GIMP_REQUIRED_VERSION"
configure:5954: $? = 0
configure:6012: result: yes
configure:6036: checking whether NLS is requested
configure:6045: result: yes
configure:6073: checking for intltool-update
configure:6091: found /usr/bin/intltool-update
configure:6103: result: /usr/bin/intltool-update
configure:6113: checking for intltool-merge
configure:6131: found /usr/bin/intltool-merge
configure:6143: result: /usr/bin/intltool-merge
configure:6153: checking for intltool-extract
configure:6171: found /usr/bin/intltool-extract
configure:6183: result: /usr/bin/intltool-extract
configure:6337: checking for xgettext
configure:6355: found /usr/bin/xgettext
configure:6367: result: /usr/bin/xgettext
configure:6377: checking for msgmerge
configure:6395: found /usr/bin/msgmerge
configure:6407: result: /usr/bin/msgmerge
configure:6417: checking for msgfmt
configure:6435: found /usr/bin/msgfmt
configure:6447: result: /usr/bin/msgfmt
configure:6457: checking for gmsgfmt
configure:6488: result: /usr/bin/msgfmt
configure:6508: checking for perl
configure:6526: found /usr/bin/perl
configure:6538: result: /usr/bin/perl
configure:6549: checking for perl >= 5.8.1
configure:6556: result: 5.20.2
configure:6560: checking for XML::Parser
configure:6563: result: ok
configure:6588: gcc -o conftest -g -O2 -Wall   conftest.c  >&5
configure:6588: $? = 0
configure:6619: checking for sys/types.h
configure:6619: gcc -c -g -O2 -Wall  conftest.c >&5
configure:6619: $? = 0
configure:6619: result: yes
configure:6619: checking for sys/stat.h
configure:6619: gcc -c -g -O2 -Wall  conftest.c >&5
configure:6619: $? = 0
configure:6619: result: yes
configure:6619: checking for stdlib.h
configure:6619: gcc -c -g -O2 -Wall  conftest.c >&5
configure:6619: $? = 0
configure:6619: result: yes
configure:6619: checking for string.h
configure:6619: gcc -c -g -O2 -Wall  conftest.c >&5
configure:6619: $? = 0
configure:6619: result: yes
configure:6619: checking for memory.h
configure:6619: gcc -c -g -O2 -Wall  conftest.c >&5
configure:6619: $? = 0
configure:6619: result: yes
configure:6619: checking for strings.h
configure:6619: gcc -c -g -O2 -Wall  conftest.c >&5
configure:6619: $? = 0
configure:6619: result: yes
configure:6619: checking for inttypes.h
configure:6619: gcc -c -g -O2 -Wall  conftest.c >&5
configure:6619: $? = 0
configure:6619: result: yes
configure:6619: checking for stdint.h
configure:6619: gcc -c -g -O2 -Wall  conftest.c >&5
configure:6619: $? = 0
configure:6619: result: yes
configure:6619: checking for unistd.h
configure:6619: gcc -c -g -O2 -Wall  conftest.c >&5
configure:6619: $? = 0
configure:6619: result: yes
configure:6634: checking locale.h usability
configure:6634: gcc -c -g -O2 -Wall  conftest.c >&5
configure:6634: $? = 0
configure:6634: result: yes
configure:6634: checking locale.h presence
configure:6634: gcc -E  conftest.c
configure:6634: $? = 0
configure:6634: result: yes
configure:6634: checking for locale.h
configure:6634: result: yes
configure:6645: checking for LC_MESSAGES
configure:6661: gcc -o conftest -g -O2 -Wall   conftest.c  >&5
configure:6661: $? = 0
configure:6669: result: yes
configure:6686: checking libintl.h usability
configure:6686: gcc -c -g -O2 -Wall  conftest.c >&5
configure:6686: $? = 0
configure:6686: result: yes
configure:6686: checking libintl.h presence
configure:6686: gcc -E  conftest.c
configure:6686: $? = 0
configure:6686: result: yes
configure:6686: checking for libintl.h
configure:6686: result: yes
configure:6694: checking for ngettext in libc
configure:6712: gcc -o conftest -g -O2 -Wall   conftest.c  >&5
configure:6712: $? = 0
configure:6721: result: yes
configure:6725: checking for dgettext in libc
configure:6743: gcc -o conftest -g -O2 -Wall   conftest.c  >&5
configure:6743: $? = 0
configure:6752: result: yes
configure:6759: checking for bind_textdomain_codeset
configure:6759: gcc -o conftest -g -O2 -Wall   conftest.c  >&5
configure:6759: $? = 0
configure:6759: result: yes
configure:7035: checking for msgfmt
configure:7062: result: /usr/bin/msgfmt
configure:7073: checking for dcgettext
configure:7073: gcc -o conftest -g -O2 -Wall   conftest.c   >&5
conftest.c:52:6: warning: conflicting types for built-in function 'dcgettext'
 char dcgettext ();
      ^
configure:7073: $? = 0
configure:7073: result: yes
configure:7083: checking if msgfmt accepts -c
configure:7098: $MSGFMT -c -o /dev/null conftest.foo
conftest.foo:3: warning: header field 'Language' missing in header
configure:7101: $? = 0
configure:7103: result: yes
configure:7113: checking for gmsgfmt
configure:7144: result: /usr/bin/msgfmt
configure:7154: checking for xgettext
configure:7181: result: /usr/bin/xgettext
configure:7200: gcc -o conftest -g -O2 -Wall   conftest.c   >&5
configure:7200: $? = 0
configure:7282: checking for catalogs to be installed
configure:7307: result:  az de fr sk sv zh_TW
configure:7342: checking for bind_textdomain_codeset
configure:7342: result: yes
configure:7362: checking if GTK+ is version 2.7.0 or newer
configure:7369: result: yes
configure:7377: checking if GIMP is version 2.3.0 or newer
configure:7384: result: yes
configure:7504: checking that generated files are newer than configure
configure:7510: result: done
configure:7549: creating ./config.status

## ---------------- ##
## Cache variables. ##
## ---------------- ##

ac_cv_c_compiler_gnu=yes
ac_cv_env_CC_set=
ac_cv_env_CC_value=
ac_cv_env_CFLAGS_set=
ac_cv_env_CFLAGS_value=
ac_cv_env_CPPFLAGS_set=
ac_cv_env_CPPFLAGS_value=
ac_cv_env_CPP_set=
ac_cv_env_CPP_value=
ac_cv_env_GIMP_CFLAGS_set=
ac_cv_env_GIMP_CFLAGS_value=
ac_cv_env_GIMP_LIBS_set=
ac_cv_env_GIMP_LIBS_value=
ac_cv_env_LDFLAGS_set=
ac_cv_env_LDFLAGS_value=
ac_cv_env_LIBS_set=
ac_cv_env_LIBS_value=
ac_cv_env_PKG_CONFIG_LIBDIR_set=
ac_cv_env_PKG_CONFIG_LIBDIR_value=
ac_cv_env_PKG_CONFIG_PATH_set=set
ac_cv_env_PKG_CONFIG_PATH_value=/home/vagrant/gimp-git/lib/pkgconfig:/home/vagrant/gimp-git/lib/pkgconfig/
ac_cv_env_PKG_CONFIG_set=
ac_cv_env_PKG_CONFIG_value=
ac_cv_env_build_alias_set=
ac_cv_env_build_alias_value=
ac_cv_env_host_alias_set=
ac_cv_env_host_alias_value=
ac_cv_env_target_alias_set=
ac_cv_env_target_alias_value=
ac_cv_func_bind_textdomain_codeset=yes
ac_cv_func_dcgettext=yes
ac_cv_header_inttypes_h=yes
ac_cv_header_libintl_h=yes
ac_cv_header_locale_h=yes
ac_cv_header_memory_h=yes
ac_cv_header_stdc=yes
ac_cv_header_stdint_h=yes
ac_cv_header_stdlib_h=yes
ac_cv_header_string_h=yes
ac_cv_header_strings_h=yes
ac_cv_header_sys_stat_h=yes
ac_cv_header_sys_types_h=yes
ac_cv_header_unistd_h=yes
ac_cv_objext=o
ac_cv_path_EGREP='/bin/grep -E'
ac_cv_path_GMSGFMT=/usr/bin/msgfmt
ac_cv_path_GREP=/bin/grep
ac_cv_path_INTLTOOL_EXTRACT=/usr/bin/intltool-extract
ac_cv_path_INTLTOOL_MERGE=/usr/bin/intltool-merge
ac_cv_path_INTLTOOL_PERL=/usr/bin/perl
ac_cv_path_INTLTOOL_UPDATE=/usr/bin/intltool-update
ac_cv_path_MSGFMT=/usr/bin/msgfmt
ac_cv_path_MSGMERGE=/usr/bin/msgmerge
ac_cv_path_XGETTEXT=/usr/bin/xgettext
ac_cv_path_ac_pt_PKG_CONFIG=/usr/bin/pkg-config
ac_cv_path_install='/usr/bin/install -c'
ac_cv_path_mkdir=/bin/mkdir
ac_cv_prog_AWK=gawk
ac_cv_prog_CPP='gcc -E'
ac_cv_prog_ac_ct_CC=gcc
ac_cv_prog_cc_c89=
ac_cv_prog_cc_g=yes
ac_cv_prog_make_make_set=yes
ac_cv_search_strerror='none required'
am_cv_CC_dependencies_compiler_type=gcc3
am_cv_make_support_nested_variables=yes
am_cv_prog_cc_c_o=yes
am_cv_prog_cc_stdc=
am_cv_val_LC_MESSAGES=yes
gt_cv_func_dgettext_libc=yes
gt_cv_func_dgettext_libintl=no
gt_cv_func_ngettext_libc=yes
gt_cv_have_gettext=yes
pkg_cv_GIMP_CFLAGS='-pthread -I/home/vagrant/gimp-git/include/gimp-2.0 -I/home/vagrant/gimp-git/include/gegl-0.3 -I/home/vagrant/gimp-git/include/babl-0.1 -I/usr/include/json-glib-1.0 -I/usr/include/gtk-2.0 -I/usr/lib/x86_64-linux-gnu/gtk-2.0/include -I/usr/include/gio-unix-2.0/ -I/usr/include/cairo -I/usr/include/pango-1.0 -I/usr/include/atk-1.0 -I/usr/include/cairo -I/usr/include/pixman-1 -I/usr/include/libpng12 -I/usr/include/gdk-pixbuf-2.0 -I/usr/include/libpng12 -I/usr/include/pango-1.0 -I/usr/include/harfbuzz -I/usr/include/pango-1.0 -I/usr/include/glib-2.0 -I/usr/lib/x86_64-linux-gnu/glib-2.0/include -I/usr/include/freetype2 '
pkg_cv_GIMP_LIBS='-L/home/vagrant/gimp-git/lib -lgimpui-2.0 -lgimpwidgets-2.0 -lgimpmodule-2.0 -lgimp-2.0 -lgimpmath-2.0 -lgimpconfig-2.0 -lgimpcolor-2.0 -lgimpbase-2.0 -lgegl-0.3 -lgegl-npd-0.3 -lm -Wl,--export-dynamic -lgmodule-2.0 -pthread -ljson-glib-1.0 -lgio-2.0 -lbabl-0.1 -lgtk-x11-2.0 -lgdk-x11-2.0 -lpangocairo-1.0 -latk-1.0 -lcairo -lgdk_pixbuf-2.0 -lgio-2.0 -lpangoft2-1.0 -lpango-1.0 -lgobject-2.0 -lglib-2.0 -lfontconfig -lfreetype '

## ----------------- ##
## Output variables. ##
## ----------------- ##

ACLOCAL='${SHELL} /home/vagrant/git/plugin/libgimp.js/missing aclocal-1.14 '
ALL_LINGUAS='az de fr sk sv zh_TW'
AMDEPBACKSLASH='\'
AMDEP_FALSE='#'
AMDEP_TRUE=''
AMTAR='$${TAR-tar}'
AM_BACKSLASH='\'
AM_DEFAULT_V='$(AM_DEFAULT_VERBOSITY)'
AM_DEFAULT_VERBOSITY='1'
AM_V='$(V)'
AUTOCONF='${SHELL} /home/vagrant/git/plugin/libgimp.js/missing autoconf'
AUTOHEADER='${SHELL} /home/vagrant/git/plugin/libgimp.js/missing autoheader'
AUTOMAKE='${SHELL} /home/vagrant/git/plugin/libgimp.js/missing automake-1.14'
AWK='gawk'
CATALOGS=' az.gmo de.gmo fr.gmo sk.gmo sv.gmo zh_TW.gmo'
CATOBJEXT='.gmo'
CC='gcc'
CCDEPMODE='depmode=gcc3'
CFLAGS='-g -O2 -Wall'
CPP='gcc -E'
CPPFLAGS=''
CYGPATH_W='echo'
DATADIR='${datarootdir}/script-js'
DATADIRNAME='share'
DEFS='-DHAVE_CONFIG_H'
DEPDIR='.deps'
ECHO_C=''
ECHO_N='-n'
ECHO_T=''
EGREP='/bin/grep -E'
EXEEXT=''
GETTEXT_PACKAGE='gimp20-plugin-template'
GIMP_CFLAGS='-pthread -I/home/vagrant/gimp-git/include/gimp-2.0 -I/home/vagrant/gimp-git/include/gegl-0.3 -I/home/vagrant/gimp-git/include/babl-0.1 -I/usr/include/json-glib-1.0 -I/usr/include/gtk-2.0 -I/usr/lib/x86_64-linux-gnu/gtk-2.0/include -I/usr/include/gio-unix-2.0/ -I/usr/include/cairo -I/usr/include/pango-1.0 -I/usr/include/atk-1.0 -I/usr/include/cairo -I/usr/include/pixman-1 -I/usr/include/libpng12 -I/usr/include/gdk-pixbuf-2.0 -I/usr/include/libpng12 -I/usr/include/pango-1.0 -I/usr/include/harfbuzz -I/usr/include/pango-1.0 -I/usr/include/glib-2.0 -I/usr/lib/x86_64-linux-gnu/glib-2.0/include -I/usr/include/freetype2 '
GIMP_LIBDIR='/home/vagrant/gimp-git/lib/gimp/2.0'
GIMP_LIBS='-L/home/vagrant/gimp-git/lib -lgimpui-2.0 -lgimpwidgets-2.0 -lgimpmodule-2.0 -lgimp-2.0 -lgimpmath-2.0 -lgimpconfig-2.0 -lgimpcolor-2.0 -lgimpbase-2.0 -lgegl-0.3 -lgegl-npd-0.3 -lm -Wl,--export-dynamic -lgmodule-2.0 -pthread -ljson-glib-1.0 -lgio-2.0 -lbabl-0.1 -lgtk-x11-2.0 -lgdk-x11-2.0 -lpangocairo-1.0 -latk-1.0 -lcairo -lgdk_pixbuf-2.0 -lgio-2.0 -lpangoft2-1.0 -lpango-1.0 -lgobject-2.0 -lglib-2.0 -lfontconfig -lfreetype '
GMOFILES=' az.gmo de.gmo fr.gmo sk.gmo sv.gmo zh_TW.gmo'
GMSGFMT='/usr/bin/msgfmt'
GREP='/bin/grep'
INSTALL_DATA='${INSTALL} -m 644'
INSTALL_PROGRAM='${INSTALL}'
INSTALL_SCRIPT='${INSTALL}'
INSTALL_STRIP_PROGRAM='$(install_sh) -c -s'
INSTOBJEXT='.mo'
INTLLIBS=''
INTLTOOL_CAVES_RULE='%.caves:     %.caves.in     $(INTLTOOL_MERGE) $(wildcard $(top_srcdir)/po/*.po) ; $(INTLTOOL_V_MERGE)LC_ALL=C $(INTLTOOL_MERGE) $(INTLTOOL_V_MERGE_OPTIONS) -d -u -c $(top_builddir)/po/.intltool-merge-cache $(top_srcdir)/po $< $@'
INTLTOOL_DESKTOP_RULE='%.desktop:   %.desktop.in   $(INTLTOOL_MERGE) $(wildcard $(top_srcdir)/po/*.po) ; $(INTLTOOL_V_MERGE)LC_ALL=C $(INTLTOOL_MERGE) $(INTLTOOL_V_MERGE_OPTIONS) -d -u -c $(top_builddir)/po/.intltool-merge-cache $(top_srcdir)/po $< $@'
INTLTOOL_DIRECTORY_RULE='%.directory: %.directory.in $(INTLTOOL_MERGE) $(wildcard $(top_srcdir)/po/*.po) ; $(INTLTOOL_V_MERGE)LC_ALL=C $(INTLTOOL_MERGE) $(INTLTOOL_V_MERGE_OPTIONS) -d -u -c $(top_builddir)/po/.intltool-merge-cache $(top_srcdir)/po $< $@'
INTLTOOL_EXTRACT='/usr/bin/intltool-extract'
INTLTOOL_KBD_RULE='%.kbd:       %.kbd.in       $(INTLTOOL_MERGE) $(wildcard $(top_srcdir)/po/*.po) ; $(INTLTOOL_V_MERGE)LC_ALL=C $(INTLTOOL_MERGE) $(INTLTOOL_V_MERGE_OPTIONS) -x -u -m -c $(top_builddir)/po/.intltool-merge-cache $(top_srcdir)/po $< $@'
INTLTOOL_KEYS_RULE='%.keys:      %.keys.in      $(INTLTOOL_MERGE) $(wildcard $(top_srcdir)/po/*.po) ; $(INTLTOOL_V_MERGE)LC_ALL=C $(INTLTOOL_MERGE) $(INTLTOOL_V_MERGE_OPTIONS) -k -u -c $(top_builddir)/po/.intltool-merge-cache $(top_srcdir)/po $< $@'
INTLTOOL_MERGE='/usr/bin/intltool-merge'
INTLTOOL_OAF_RULE='%.oaf:       %.oaf.in       $(INTLTOOL_MERGE) $(wildcard $(top_srcdir)/po/*.po) ; $(INTLTOOL_V_MERGE)LC_ALL=C $(INTLTOOL_MERGE) $(INTLTOOL_V_MERGE_OPTIONS) -o -p $(top_srcdir)/po $< $@'
INTLTOOL_PERL='/usr/bin/perl'
INTLTOOL_POLICY_RULE='%.policy:    %.policy.in    $(INTLTOOL_MERGE) $(wildcard $(top_srcdir)/po/*.po) ; $(INTLTOOL_V_MERGE)LC_ALL=C $(INTLTOOL_MERGE) $(INTLTOOL_V_MERGE_OPTIONS) -x -u -c $(top_builddir)/po/.intltool-merge-cache $(top_srcdir)/po $< $@'
INTLTOOL_PONG_RULE='%.pong:      %.pong.in      $(INTLTOOL_MERGE) $(wildcard $(top_srcdir)/po/*.po) ; $(INTLTOOL_V_MERGE)LC_ALL=C $(INTLTOOL_MERGE) $(INTLTOOL_V_MERGE_OPTIONS) -x -u -c $(top_builddir)/po/.intltool-merge-cache $(top_srcdir)/po $< $@'
INTLTOOL_PROP_RULE='%.prop:      %.prop.in      $(INTLTOOL_MERGE) $(wildcard $(top_srcdir)/po/*.po) ; $(INTLTOOL_V_MERGE)LC_ALL=C $(INTLTOOL_MERGE) $(INTLTOOL_V_MERGE_OPTIONS) -d -u -c $(top_builddir)/po/.intltool-merge-cache $(top_srcdir)/po $< $@'
INTLTOOL_SCHEMAS_RULE='%.schemas:   %.schemas.in   $(INTLTOOL_MERGE) $(wildcard $(top_srcdir)/po/*.po) ; $(INTLTOOL_V_MERGE)LC_ALL=C $(INTLTOOL_MERGE) $(INTLTOOL_V_MERGE_OPTIONS) -s -u -c $(top_builddir)/po/.intltool-merge-cache $(top_srcdir)/po $< $@'
INTLTOOL_SERVER_RULE='%.server:    %.server.in    $(INTLTOOL_MERGE) $(wildcard $(top_srcdir)/po/*.po) ; $(INTLTOOL_V_MERGE)LC_ALL=C $(INTLTOOL_MERGE) $(INTLTOOL_V_MERGE_OPTIONS) -o -u -c $(top_builddir)/po/.intltool-merge-cache $(top_srcdir)/po $< $@'
INTLTOOL_SERVICE_RULE='%.service: %.service.in   $(INTLTOOL_MERGE) $(wildcard $(top_srcdir)/po/*.po) ; $(INTLTOOL_V_MERGE)LC_ALL=C $(INTLTOOL_MERGE) $(INTLTOOL_V_MERGE_OPTIONS) -d -u -c $(top_builddir)/po/.intltool-merge-cache $(top_srcdir)/po $< $@'
INTLTOOL_SHEET_RULE='%.sheet:     %.sheet.in     $(INTLTOOL_MERGE) $(wildcard $(top_srcdir)/po/*.po) ; $(INTLTOOL_V_MERGE)LC_ALL=C $(INTLTOOL_MERGE) $(INTLTOOL_V_MERGE_OPTIONS) -x -u -c $(top_builddir)/po/.intltool-merge-cache $(top_srcdir)/po $< $@'
INTLTOOL_SOUNDLIST_RULE='%.soundlist: %.soundlist.in $(INTLTOOL_MERGE) $(wildcard $(top_srcdir)/po/*.po) ; $(INTLTOOL_V_MERGE)LC_ALL=C $(INTLTOOL_MERGE) $(INTLTOOL_V_MERGE_OPTIONS) -d -u -c $(top_builddir)/po/.intltool-merge-cache $(top_srcdir)/po $< $@'
INTLTOOL_THEME_RULE='%.theme:     %.theme.in     $(INTLTOOL_MERGE) $(wildcard $(top_srcdir)/po/*.po) ; $(INTLTOOL_V_MERGE)LC_ALL=C $(INTLTOOL_MERGE) $(INTLTOOL_V_MERGE_OPTIONS) -d -u -c $(top_builddir)/po/.intltool-merge-cache $(top_srcdir)/po $< $@'
INTLTOOL_UI_RULE='%.ui:        %.ui.in        $(INTLTOOL_MERGE) $(wildcard $(top_srcdir)/po/*.po) ; $(INTLTOOL_V_MERGE)LC_ALL=C $(INTLTOOL_MERGE) $(INTLTOOL_V_MERGE_OPTIONS) -x -u -c $(top_builddir)/po/.intltool-merge-cache $(top_srcdir)/po $< $@'
INTLTOOL_UPDATE='/usr/bin/intltool-update'
INTLTOOL_V_MERGE='$(INTLTOOL__v_MERGE_$(V))'
INTLTOOL_V_MERGE_OPTIONS='$(intltool__v_merge_options_$(V))'
INTLTOOL_XAM_RULE='%.xam:       %.xml.in       $(INTLTOOL_MERGE) $(wildcard $(top_srcdir)/po/*.po) ; $(INTLTOOL_V_MERGE)LC_ALL=C $(INTLTOOL_MERGE) $(INTLTOOL_V_MERGE_OPTIONS) -x -u -c $(top_builddir)/po/.intltool-merge-cache $(top_srcdir)/po $< $@'
INTLTOOL_XML_NOMERGE_RULE='%.xml:       %.xml.in       $(INTLTOOL_MERGE) ; $(INTLTOOL_V_MERGE)LC_ALL=C $(INTLTOOL_MERGE) $(INTLTOOL_V_MERGE_OPTIONS) -x -u --no-translations $< $@'
INTLTOOL_XML_RULE='%.xml:       %.xml.in       $(INTLTOOL_MERGE) $(wildcard $(top_srcdir)/po/*.po) ; $(INTLTOOL_V_MERGE)LC_ALL=C $(INTLTOOL_MERGE) $(INTLTOOL_V_MERGE_OPTIONS) -x -u -c $(top_builddir)/po/.intltool-merge-cache $(top_srcdir)/po $< $@'
INTLTOOL__v_MERGE_0='@echo "  ITMRG " $@;'
INTLTOOL__v_MERGE_='$(INTLTOOL__v_MERGE_$(AM_DEFAULT_VERBOSITY))'
LDFLAGS=''
LIBOBJS=''
LIBS=''
LOCALEDIR='${datarootdir}/locale'
LTLIBOBJS=''
MAINT='#'
MAINTAINER_MODE_FALSE=''
MAINTAINER_MODE_TRUE='#'
MAKEINFO='${SHELL} /home/vagrant/git/plugin/libgimp.js/missing makeinfo'
MKDIR_P='/bin/mkdir -p'
MKINSTALLDIRS='./mkinstalldirs'
MSGFMT='/usr/bin/msgfmt'
MSGFMT_OPTS='-c'
MSGMERGE='/usr/bin/msgmerge'
OBJEXT='o'
PACKAGE='script-js'
PACKAGE_BUGREPORT=''
PACKAGE_NAME='script-js'
PACKAGE_STRING='script-js 2.2.0'
PACKAGE_TARNAME='script-js'
PACKAGE_URL=''
PACKAGE_VERSION='2.2.0'
PATH_SEPARATOR=':'
PKG_CONFIG='/usr/bin/pkg-config'
PKG_CONFIG_LIBDIR=''
PKG_CONFIG_PATH='/home/vagrant/gimp-git/lib/pkgconfig:/home/vagrant/gimp-git/lib/pkgconfig/'
POFILES=' az.po de.po fr.po sk.po sv.po zh_TW.po'
POSUB='po'
PO_IN_DATADIR_FALSE=''
PO_IN_DATADIR_TRUE=''
SET_MAKE=''
SHELL='/bin/bash'
STRIP=''
USE_NLS='yes'
VERSION='2.2.0'
XGETTEXT='/usr/bin/xgettext'
ac_ct_CC='gcc'
am__EXEEXT_FALSE=''
am__EXEEXT_TRUE='#'
am__fastdepCC_FALSE='#'
am__fastdepCC_TRUE=''
am__include='include'
am__isrc=''
am__leading_dot='.'
am__nodep='_no'
am__quote=''
am__tar='$${TAR-tar} chof - "$$tardir"'
am__untar='$${TAR-tar} xf -'
bindir='${exec_prefix}/bin'
build_alias=''
datadir='${datarootdir}'
datarootdir='${prefix}/share'
docdir='${datarootdir}/doc/${PACKAGE_TARNAME}'
dvidir='${docdir}'
exec_prefix='${prefix}'
host_alias=''
htmldir='${docdir}'
includedir='${prefix}/include'
infodir='${datarootdir}/info'
install_sh='${SHELL} /home/vagrant/git/plugin/libgimp.js/install-sh'
intltool__v_merge_options_0='-q'
intltool__v_merge_options_='$(intltool__v_merge_options_$(AM_DEFAULT_VERBOSITY))'
libdir='${exec_prefix}/lib'
libexecdir='${exec_prefix}/libexec'
localedir='${datarootdir}/locale'
localstatedir='${prefix}/var'
mandir='${datarootdir}/man'
mkdir_p='$(MKDIR_P)'
oldincludedir='/usr/include'
pdfdir='${docdir}'
prefix='/usr/local'
program_transform_name='s,x,x,'
psdir='${docdir}'
sbindir='${exec_prefix}/sbin'
sharedstatedir='${prefix}/com'
sysconfdir='${prefix}/etc'
target_alias=''

## ----------- ##
## confdefs.h. ##
## ----------- ##

/* confdefs.h */
#define PACKAGE_NAME "script-js"
#define PACKAGE_TARNAME "script-js"
#define PACKAGE_VERSION "2.2.0"
#define PACKAGE_STRING "script-js 2.2.0"
#define PACKAGE_BUGREPORT ""
#define PACKAGE_URL ""
#define PLUGIN_NAME PACKAGE_NAME
#define PLUGIN_VERSION PACKAGE_VERSION
#define PLUGIN_MAJOR_VERSION 2
#define PLUGIN_MINOR_VERSION 2
#define PLUGIN_MICRO_VERSION 0
#define STDC_HEADERS 1
#define GETTEXT_PACKAGE "gimp20-plugin-template"
#define HAVE_SYS_TYPES_H 1
#define HAVE_SYS_STAT_H 1
#define HAVE_STDLIB_H 1
#define HAVE_STRING_H 1
#define HAVE_MEMORY_H 1
#define HAVE_STRINGS_H 1
#define HAVE_INTTYPES_H 1
#define HAVE_STDINT_H 1
#define HAVE_UNISTD_H 1
#define HAVE_LOCALE_H 1
#define HAVE_LC_MESSAGES 1
#define HAVE_BIND_TEXTDOMAIN_CODESET 1
#define HAVE_GETTEXT 1
#define HAVE_DCGETTEXT 1
#define ENABLE_NLS 1
#define HAVE_BIND_TEXTDOMAIN_CODESET 1

configure: exit 0

## ---------------------- ##
## Running config.status. ##
## ---------------------- ##

This file was extended by script-js config.status 2.2.0, which was
generated by GNU Autoconf 2.69.  Invocation command line was

  CONFIG_FILES    = 
  CONFIG_HEADERS  = 
  CONFIG_LINKS    = 
  CONFIG_COMMANDS = 
  $ ./config.status 

on gimpdev

config.status:955: creating Makefile
config.status:955: creating src/Makefile
config.status:955: creating po/Makefile.in
config.status:1063: WARNING:  'po/Makefile.in.in' seems to ignore the --datarootdir setting
config.status:955: creating help/Makefile
config.status:955: creating help/en/Makefile
config.status:955: creating help/images/Makefile
config.status:955: creating config.h
config.status:1136: config.h is unchanged
config.status:1184: executing depfiles commands
config.status:1184: executing default-1 commands
config.status:1184: executing po/stamp-it commands
config.status:1289: error: po/Makefile.in.in was not created by intltoolize.
